e:\osgearth\build\src\qtplugins\qribbon\x64\release\qribbon.pch
e:\osgearth\build\src\qtplugins\qribbon\x64\release\qtproject_pch.h.obj
e:\osgearth\build\src\qtplugins\qribbon\x64\release\moc_qtnribbonpage.obj
e:\osgearth\build\src\qtplugins\qribbon\x64\release\moc_qtnribbonmainwindow.obj
e:\osgearth\build\src\qtplugins\qribbon\x64\release\moc_qtnribbongroupprivate.obj
e:\osgearth\build\src\qtplugins\qribbon\x64\release\moc_qtnribbongrouplayout.obj
e:\osgearth\build\src\qtplugins\qribbon\x64\release\moc_qtnribbongroup.obj
e:\osgearth\build\src\qtplugins\qribbon\x64\release\moc_qtnribbongalleryprivate.obj
e:\osgearth\build\src\qtplugins\qribbon\x64\release\moc_qtnribbongallery.obj
e:\osgearth\build\src\qtplugins\qribbon\x64\release\moc_qtnribbonbutton.obj
e:\osgearth\build\src\qtplugins\qribbon\x64\release\moc_qtnribbonbarprivate.obj
e:\osgearth\build\src\qtplugins\qribbon\x64\release\moc_qtnribbonbar.obj
e:\osgearth\build\src\qtplugins\qribbon\x64\release\moc_qtnribbonbackstageviewprivate.obj
e:\osgearth\build\src\qtplugins\qribbon\x64\release\moc_qtnribbonbackstageview.obj
e:\osgearth\build\src\qtplugins\qribbon\x64\release\moc_qtnpopuphelpers.obj
e:\osgearth\build\src\qtplugins\qribbon\x64\release\moc_qtnofficestyle.obj
e:\osgearth\build\src\qtplugins\qribbon\x64\release\moc_qtnofficepopupwindow.obj
e:\osgearth\build\src\qtplugins\qribbon\x64\release\moc_qtnofficepopupmenu.obj
e:\osgearth\build\src\qtplugins\qribbon\x64\release\moc_qtnofficepopupcolorbutton.obj
e:\osgearth\build\src\qtplugins\qribbon\x64\release\moc_qtnofficeframehelper_win.obj
e:\osgearth\build\src\qtplugins\qribbon\x64\release\moc_qtncommonstyle.obj
e:\osgearth\build\src\qtplugins\qribbon\x64\release\qrc_qtnribbonresources.obj
e:\osgearth\build\src\qtplugins\qribbon\x64\release\qtnribbongallery.obj
e:\osgearth\build\src\qtplugins\qribbon\x64\release\qtnribbonbutton.obj
e:\osgearth\build\src\qtplugins\qribbon\x64\release\qtnribbonbar.obj
e:\osgearth\build\src\qtplugins\qribbon\x64\release\qtnribbonbackstageview.obj
e:\osgearth\build\src\qtplugins\qribbon\x64\release\qtnpopuphelpers.obj
e:\osgearth\build\src\qtplugins\qribbon\x64\release\qtnofficestyle.obj
e:\osgearth\build\src\qtplugins\qribbon\x64\release\qtnofficepopupwindow.obj
e:\osgearth\build\src\qtplugins\qribbon\x64\release\qtnofficepopupmenu.obj
e:\osgearth\build\src\qtplugins\qribbon\x64\release\qtnofficepopupcolorbutton.obj
e:\osgearth\build\src\qtplugins\qribbon\x64\release\qtnofficeframehelper_win.obj
e:\osgearth\build\src\qtplugins\qribbon\x64\release\qtncommonstyle_win.obj
e:\osgearth\build\src\qtplugins\qribbon\x64\release\qtncommonstyle.obj
e:\osgearth\build\src\qtplugins\qribbon\x64\release\moc_qtnribbontooltip.obj
e:\osgearth\build\src\qtplugins\qribbon\x64\release\moc_qtnribbontabbar.obj
e:\osgearth\build\src\qtplugins\qribbon\x64\release\moc_qtnribbonsystempopupbar.obj
e:\osgearth\build\src\qtplugins\qribbon\x64\release\moc_qtnribbonstyle.obj
e:\osgearth\build\src\qtplugins\qribbon\x64\release\moc_qtnribbonstatusbar.obj
e:\osgearth\build\src\qtplugins\qribbon\x64\release\moc_qtnribbonsliderpane.obj
e:\osgearth\build\src\qtplugins\qribbon\x64\release\moc_qtnribbonquickaccessbar.obj
e:\osgearth\build\src\qtplugins\qribbon\x64\release\moc_qtnribbonprivate.obj
e:\osgearth\build\src\qtplugins\qribbon\x64\release\qtnstylehelpers.obj
e:\osgearth\build\src\qtplugins\qribbon\x64\release\qtnribbontooltip.obj
e:\osgearth\build\src\qtplugins\qribbon\x64\release\qtnribbontabbar.obj
e:\osgearth\build\src\qtplugins\qribbon\x64\release\qtnribbonsystempopupbar.obj
e:\osgearth\build\src\qtplugins\qribbon\x64\release\qtnribbonstyle.obj
e:\osgearth\build\src\qtplugins\qribbon\x64\release\qtnribbonstatusbar.obj
e:\osgearth\build\src\qtplugins\qribbon\x64\release\qtnribbonsliderpane.obj
e:\osgearth\build\src\qtplugins\qribbon\x64\release\qtnribbonquickaccessbar.obj
e:\osgearth\build\src\qtplugins\qribbon\x64\release\qtnribbonprivate.obj
e:\osgearth\build\src\qtplugins\qribbon\x64\release\qtnribbonpage.obj
e:\osgearth\build\src\qtplugins\qribbon\x64\release\qtnribbonmainwindow.obj
e:\osgearth\build\src\qtplugins\qribbon\x64\release\qtnribbongrouplayout.obj
e:\osgearth\build\src\qtplugins\qribbon\x64\release\qtnribbongroup.obj
e:\osgearth\build\src\qtplugins\qribbon\release\moc_qtncommonstyle.cpp
e:\osgearth\build\src\qtplugins\qribbon\release\moc_qtnofficeframehelper_win.cpp
e:\osgearth\build\src\qtplugins\qribbon\release\moc_qtnofficepopupcolorbutton.cpp
e:\osgearth\build\src\qtplugins\qribbon\release\moc_qtnofficepopupmenu.cpp
e:\osgearth\build\src\qtplugins\qribbon\release\moc_qtnofficepopupwindow.cpp
e:\osgearth\build\src\qtplugins\qribbon\release\moc_qtnofficestyle.cpp
e:\osgearth\build\src\qtplugins\qribbon\release\moc_qtnpopuphelpers.cpp
e:\osgearth\build\src\qtplugins\qribbon\release\moc_qtnribbonbackstageview.cpp
e:\osgearth\build\src\qtplugins\qribbon\release\moc_qtnribbonbackstageviewprivate.cpp
e:\osgearth\build\src\qtplugins\qribbon\release\moc_qtnribbonbar.cpp
e:\osgearth\build\src\qtplugins\qribbon\release\moc_qtnribbonbarprivate.cpp
e:\osgearth\build\src\qtplugins\qribbon\release\moc_qtnribbonbutton.cpp
e:\osgearth\build\src\qtplugins\qribbon\release\moc_qtnribbongallery.cpp
e:\osgearth\build\src\qtplugins\qribbon\release\moc_qtnribbongalleryprivate.cpp
e:\osgearth\build\src\qtplugins\qribbon\release\moc_qtnribbongroup.cpp
e:\osgearth\build\src\qtplugins\qribbon\release\moc_qtnribbongrouplayout.cpp
e:\osgearth\build\src\qtplugins\qribbon\release\moc_qtnribbongroupprivate.cpp
e:\osgearth\build\src\qtplugins\qribbon\release\moc_qtnribbonmainwindow.cpp
e:\osgearth\build\src\qtplugins\qribbon\release\moc_qtnribbonpage.cpp
e:\osgearth\build\src\qtplugins\qribbon\release\moc_qtnribbonprivate.cpp
e:\osgearth\build\src\qtplugins\qribbon\release\moc_qtnribbonquickaccessbar.cpp
e:\osgearth\build\src\qtplugins\qribbon\release\moc_qtnribbonsliderpane.cpp
e:\osgearth\build\src\qtplugins\qribbon\release\moc_qtnribbonstatusbar.cpp
e:\osgearth\build\src\qtplugins\qribbon\release\moc_qtnribbonstyle.cpp
e:\osgearth\build\src\qtplugins\qribbon\release\moc_qtnribbonsystempopupbar.cpp
e:\osgearth\build\src\qtplugins\qribbon\release\moc_qtnribbontabbar.cpp
e:\osgearth\build\src\qtplugins\qribbon\release\moc_qtnribbontooltip.cpp
e:\osgearth\build\src\shared\qtproject_pch.h.cpp
e:\osgearth\build\src\qtplugins\qribbon\generatedfiles\qrc_qtnribbonresources.cpp
e:\osgearth\build\src\qtplugins\qribbon\release\moc_predefs.h
e:\osgearth\build\bin\x64\release\qribbon3.dll
e:\osgearth\build\bin\x64\release\qribbon3.lib
e:\osgearth\build\bin\x64\release\qribbon3.exp
e:\osgearth\build\src\qtplugins\qribbon\x64\release\vcpkg.applocal.log
e:\osgearth\build\bin\x64\release\qt5widgets.dll
e:\osgearth\build\bin\x64\release\qt5gui.dll
e:\osgearth\build\bin\x64\release\plugins\platforms\qwindows.dll
e:\osgearth\build\bin\x64\release\plugins\imageformats\qgif.dll
e:\osgearth\build\bin\x64\release\qt5core.dll
e:\osgearth\build\bin\x64\release\zlib1.dll
e:\osgearth\build\bin\x64\release\icuin65.dll
e:\osgearth\build\bin\x64\release\icuuc65.dll
e:\osgearth\build\bin\x64\release\icudt65.dll
e:\osgearth\build\bin\x64\release\pcre2-16.dll
e:\osgearth\build\bin\x64\release\plugins\imageformats\qicns.dll
e:\osgearth\build\bin\x64\release\plugins\imageformats\qico.dll
e:\osgearth\build\bin\x64\release\plugins\imageformats\qjp2.dll
e:\osgearth\build\bin\x64\release\jasper.dll
e:\osgearth\build\bin\x64\release\jpeg62.dll
e:\osgearth\build\bin\x64\release\plugins\imageformats\qjpeg.dll
e:\osgearth\build\bin\x64\release\plugins\imageformats\qsvg.dll
e:\osgearth\build\bin\x64\release\qt5svg.dll
e:\osgearth\build\bin\x64\release\plugins\imageformats\qtga.dll
e:\osgearth\build\bin\x64\release\plugins\imageformats\qtiff.dll
e:\osgearth\build\bin\x64\release\tiff.dll
e:\osgearth\build\bin\x64\release\lzma.dll
e:\osgearth\build\bin\x64\release\plugins\imageformats\qwbmp.dll
e:\osgearth\build\bin\x64\release\plugins\imageformats\qwebp.dll
e:\osgearth\build\bin\x64\release\webp.dll
e:\osgearth\build\bin\x64\release\webpdemux.dll
e:\osgearth\build\bin\x64\release\plugins\iconengines\qsvgicon.dll
e:\osgearth\build\bin\x64\release\plugins\platforminputcontexts\qtvirtualkeyboardplugin.dll
e:\osgearth\build\bin\x64\release\qt5virtualkeyboard.dll
e:\osgearth\build\bin\x64\release\qt5quick.dll
e:\osgearth\build\bin\x64\release\qt5quickcontrols2.dll
e:\osgearth\build\bin\x64\release\qt5quickshapes.dll
e:\osgearth\build\bin\x64\release\qt5quicktemplates2.dll
e:\osgearth\build\bin\x64\release\plugins\scenegraph\qsgd3d12backend.dll
e:\osgearth\build\bin\x64\release\qt5qml.dll
e:\osgearth\build\bin\x64\release\qt5network.dll
e:\osgearth\build\bin\x64\release\plugins\bearer\qgenericbearer.dll
e:\osgearth\build\bin\x64\release\plugins\qmltooling\qmldbg_debugger.dll
e:\osgearth\build\bin\x64\release\plugins\qmltooling\qmldbg_inspector.dll
e:\osgearth\build\bin\x64\release\plugins\qmltooling\qmldbg_local.dll
e:\osgearth\build\bin\x64\release\plugins\qmltooling\qmldbg_messages.dll
e:\osgearth\build\bin\x64\release\plugins\qmltooling\qmldbg_native.dll
e:\osgearth\build\bin\x64\release\plugins\qmltooling\qmldbg_nativedebugger.dll
e:\osgearth\build\bin\x64\release\plugins\qmltooling\qmldbg_preview.dll
e:\osgearth\build\bin\x64\release\plugins\qmltooling\qmldbg_profiler.dll
e:\osgearth\build\bin\x64\release\plugins\qmltooling\qmldbg_quickprofiler.dll
e:\osgearth\build\bin\x64\release\plugins\qmltooling\qmldbg_server.dll
e:\osgearth\build\bin\x64\release\plugins\qmltooling\qmldbg_tcp.dll
e:\osgearth\build\bin\x64\release\plugins\styles\qwindowsvistastyle.dll
e:\osgearth\build\bin\x64\release\libpng16.dll
e:\osgearth\build\bin\x64\release\harfbuzz.dll
e:\osgearth\build\bin\x64\release\freetype.dll
e:\osgearth\build\bin\x64\release\bz2.dll
e:\osgearth\build\src\qtplugins\qribbon\x64\release\qribbon.tlog\cl.command.1.tlog
e:\osgearth\build\src\qtplugins\qribbon\x64\release\qribbon.tlog\cl.read.1.tlog
e:\osgearth\build\src\qtplugins\qribbon\x64\release\qribbon.tlog\cl.write.1.tlog
e:\osgearth\build\src\qtplugins\qribbon\x64\release\qribbon.tlog\custombuild.command.1.tlog
e:\osgearth\build\src\qtplugins\qribbon\x64\release\qribbon.tlog\custombuild.read.1.tlog
e:\osgearth\build\src\qtplugins\qribbon\x64\release\qribbon.tlog\custombuild.write.1.tlog
e:\osgearth\build\src\qtplugins\qribbon\x64\release\qribbon.tlog\link.command.1.tlog
e:\osgearth\build\src\qtplugins\qribbon\x64\release\qribbon.tlog\link.read.1.tlog
e:\osgearth\build\src\qtplugins\qribbon\x64\release\qribbon.tlog\link.write.1.tlog
e:\osgearth\build\src\qtplugins\qribbon\x64\release\qribbon.tlog\qribbon.write.1u.tlog
