  Moc'ing QtnCommonStyle.h...
  Moc'ing QtnOfficeFrameHelper_win.h...
  Moc'ing QtnOfficePopupColorButton.h...
  Moc'ing QtnOfficePopupMenu.h...
  Moc'ing QtnOfficePopupWindow.h...
  Moc'ing QtnOfficeStyle.h...
  Moc'ing QtnPopupHelpers.h...
  Moc'ing QtnRibbonBackstageView.h...
  Moc'ing QtnRibbonBackstageViewPrivate.h...
  Moc'ing QtnRibbonBar.h...
  Moc'ing QtnRibbonBarPrivate.h...
  Moc'ing QtnRibbonButton.h...
  Moc'ing QtnRibbonGallery.h...
  Moc'ing QtnRibbonGalleryPrivate.h...
  Moc'ing QtnRibbonGroup.h...
  Moc'ing QtnRibbonGroupLayout.h...
  Moc'ing QtnRibbonGroupPrivate.h...
  Moc'ing QtnRibbonMainWindow.h...
  Moc'ing QtnRibbonPage.h...
  Moc'ing QtnRibbonPrivate.h...
  Moc'ing QtnRibbonQuickAccessBar.h...
  Moc'ing QtnRibbonSliderPane.h...
  Moc'ing QtnRibbonStatusBar.h...
  Moc'ing QtnRibbonStyle.h...
  Moc'ing QtnRibbonSystemPopupBar.h...
  Moc'ing QtnRibbonTabBar.h...
  Moc'ing QtnRibbonToolTip.h...
  Generating precompiled header source file '..\..\shared\qtproject_pch.h.cpp' ...
  Generate moc_predefs.h
  Rcc'ing src\ribbon\QtnRibbonResources.qrc...
  qtproject_pch.h.cpp
  qrc_QtnRibbonResources.cpp
  moc_QtnCommonStyle.cpp
  moc_QtnOfficeFrameHelper_win.cpp
  moc_QtnOfficePopupColorButton.cpp
  moc_QtnOfficePopupMenu.cpp
  moc_QtnOfficePopupWindow.cpp
  moc_QtnOfficeStyle.cpp
  moc_QtnPopupHelpers.cpp
  moc_QtnRibbonBackstageView.cpp
  moc_QtnRibbonBackstageViewPrivate.cpp
  moc_QtnRibbonBar.cpp
  moc_QtnRibbonBarPrivate.cpp
  moc_QtnRibbonButton.cpp
  moc_QtnRibbonGallery.cpp
  moc_QtnRibbonGalleryPrivate.cpp
  moc_QtnRibbonGroup.cpp
  moc_QtnRibbonGroupLayout.cpp
  moc_QtnRibbonGroupPrivate.cpp
  moc_QtnRibbonMainWindow.cpp
  moc_QtnRibbonPage.cpp
  正在生成代码...
  正在编译...
  moc_QtnRibbonPrivate.cpp
  moc_QtnRibbonQuickAccessBar.cpp
  moc_QtnRibbonSliderPane.cpp
  moc_QtnRibbonStatusBar.cpp
  moc_QtnRibbonStyle.cpp
  moc_QtnRibbonSystemPopupBar.cpp
  moc_QtnRibbonTabBar.cpp
  moc_QtnRibbonToolTip.cpp
  QtnCommonStyle.cpp
  QtnCommonStyle_win.cpp
  QtnOfficeFrameHelper_win.cpp
  QtnOfficePopupColorButton.cpp
  QtnOfficePopupMenu.cpp
  QtnOfficePopupWindow.cpp
  QtnOfficeStyle.cpp
  QtnPopupHelpers.cpp
  QtnRibbonBackstageView.cpp
  QtnRibbonBar.cpp
  QtnRibbonButton.cpp
  QtnRibbonGallery.cpp
  正在生成代码...
  正在编译...
  QtnRibbonGroup.cpp
  QtnRibbonGroupLayout.cpp
  QtnRibbonMainWindow.cpp
  QtnRibbonPage.cpp
  QtnRibbonPrivate.cpp
  QtnRibbonQuickAccessBar.cpp
  QtnRibbonSliderPane.cpp
  QtnRibbonStatusBar.cpp
  QtnRibbonStyle.cpp
  QtnRibbonSystemPopupBar.cpp
  QtnRibbonTabBar.cpp
  QtnRibbonToolTip.cpp
  QtnStyleHelpers.cpp
  正在生成代码...
    正在创建库 E:\osgearth\build\bin\x64\Release\qribbon3.lib 和对象 E:\osgearth\build\bin\x64\Release\qribbon3.exp
  qribbon.vcxproj -> E:\osgearth\build\bin\x64\Release\qribbon3.dll
  Copy qribbon3.dll to ..\..\..\bin
  已复制         1 个文件。
