
E:\osgearth\build\bin\x64\Release\Qt5Widgets.dll
E:\osgearth\build\bin\x64\Release\Qt5Gui.dll
E:\osgearth\build\bin\x64\Release\plugins\platforms\qwindows.dll
E:\osgearth\build\bin\x64\Release\plugins\imageformats\qgif.dll
E:\osgearth\build\bin\x64\Release\Qt5Core.dll
E:\osgearth\build\bin\x64\Release\zlib1.dll
E:\osgearth\build\bin\x64\Release\icuin65.dll
E:\osgearth\build\bin\x64\Release\icuuc65.dll
E:\osgearth\build\bin\x64\Release\icudt65.dll
E:\osgearth\build\bin\x64\Release\pcre2-16.dll
E:\osgearth\build\bin\x64\Release\plugins\imageformats\qicns.dll
E:\osgearth\build\bin\x64\Release\plugins\imageformats\qico.dll
E:\osgearth\build\bin\x64\Release\plugins\imageformats\qjp2.dll
E:\osgearth\build\bin\x64\Release\jasper.dll
E:\osgearth\build\bin\x64\Release\jpeg62.dll
E:\osgearth\build\bin\x64\Release\plugins\imageformats\qjpeg.dll
E:\osgearth\build\bin\x64\Release\plugins\imageformats\qsvg.dll
E:\osgearth\build\bin\x64\Release\Qt5Svg.dll
E:\osgearth\build\bin\x64\Release\plugins\imageformats\qtga.dll
E:\osgearth\build\bin\x64\Release\plugins\imageformats\qtiff.dll
E:\osgearth\build\bin\x64\Release\tiff.dll
E:\osgearth\build\bin\x64\Release\lzma.dll
E:\osgearth\build\bin\x64\Release\plugins\imageformats\qwbmp.dll
E:\osgearth\build\bin\x64\Release\plugins\imageformats\qwebp.dll
E:\osgearth\build\bin\x64\Release\webp.dll
E:\osgearth\build\bin\x64\Release\webpdemux.dll
E:\osgearth\build\bin\x64\Release\plugins\iconengines\qsvgicon.dll
E:\osgearth\build\bin\x64\Release\plugins\platforminputcontexts\qtvirtualkeyboardplugin.dll
E:\osgearth\build\bin\x64\Release\Qt5VirtualKeyboard.dll
E:\osgearth\build\bin\x64\Release\Qt5Quick.dll
E:\osgearth\build\bin\x64\Release\Qt5QuickControls2.dll
E:\osgearth\build\bin\x64\Release\Qt5QuickShapes.dll
E:\osgearth\build\bin\x64\Release\Qt5QuickTemplates2.dll
E:\osgearth\build\bin\x64\Release\plugins\scenegraph\qsgd3d12backend.dll
E:\osgearth\build\bin\x64\Release\Qt5Qml.dll
E:\osgearth\build\bin\x64\Release\Qt5Network.dll
E:\osgearth\build\bin\x64\Release\plugins\bearer\qgenericbearer.dll
E:\osgearth\build\bin\x64\Release\plugins\qmltooling\qmldbg_debugger.dll
E:\osgearth\build\bin\x64\Release\plugins\qmltooling\qmldbg_inspector.dll
E:\osgearth\build\bin\x64\Release\plugins\qmltooling\qmldbg_local.dll
E:\osgearth\build\bin\x64\Release\plugins\qmltooling\qmldbg_messages.dll
E:\osgearth\build\bin\x64\Release\plugins\qmltooling\qmldbg_native.dll
E:\osgearth\build\bin\x64\Release\plugins\qmltooling\qmldbg_nativedebugger.dll
E:\osgearth\build\bin\x64\Release\plugins\qmltooling\qmldbg_preview.dll
E:\osgearth\build\bin\x64\Release\plugins\qmltooling\qmldbg_profiler.dll
E:\osgearth\build\bin\x64\Release\plugins\qmltooling\qmldbg_quickprofiler.dll
E:\osgearth\build\bin\x64\Release\plugins\qmltooling\qmldbg_server.dll
E:\osgearth\build\bin\x64\Release\plugins\qmltooling\qmldbg_tcp.dll
E:\osgearth\build\bin\x64\Release\plugins\styles\qwindowsvistastyle.dll
E:\osgearth\build\bin\x64\Release\libpng16.dll
E:\osgearth\build\bin\x64\Release\harfbuzz.dll
E:\osgearth\build\bin\x64\Release\freetype.dll
E:\osgearth\build\bin\x64\Release\bz2.dll
