e:\osgearth\build\src\qtplugins\qribbon\x64\debug\qribbond.pch
e:\osgearth\build\src\qtplugins\qribbon\x64\debug\vc141.pdb
e:\osgearth\build\src\qtplugins\qribbon\x64\debug\qtproject_pch.h.obj
e:\osgearth\build\src\qtplugins\qribbon\x64\debug\moc_qtnribbonprivate.obj
e:\osgearth\build\src\qtplugins\qribbon\x64\debug\moc_qtnribbonpage.obj
e:\osgearth\build\src\qtplugins\qribbon\x64\debug\moc_qtnribbonmainwindow.obj
e:\osgearth\build\src\qtplugins\qribbon\x64\debug\moc_qtnribbongroupprivate.obj
e:\osgearth\build\src\qtplugins\qribbon\x64\debug\moc_qtnribbongrouplayout.obj
e:\osgearth\build\src\qtplugins\qribbon\x64\debug\moc_qtnribbongroup.obj
e:\osgearth\build\src\qtplugins\qribbon\x64\debug\moc_qtnribbongalleryprivate.obj
e:\osgearth\build\src\qtplugins\qribbon\x64\debug\moc_qtnribbongallery.obj
e:\osgearth\build\src\qtplugins\qribbon\x64\debug\moc_qtnribbonbutton.obj
e:\osgearth\build\src\qtplugins\qribbon\x64\debug\moc_qtnribbonbarprivate.obj
e:\osgearth\build\src\qtplugins\qribbon\x64\debug\moc_qtnribbonbar.obj
e:\osgearth\build\src\qtplugins\qribbon\x64\debug\moc_qtnribbonbackstageviewprivate.obj
e:\osgearth\build\src\qtplugins\qribbon\x64\debug\moc_qtnribbonbackstageview.obj
e:\osgearth\build\src\qtplugins\qribbon\x64\debug\moc_qtnpopuphelpers.obj
e:\osgearth\build\src\qtplugins\qribbon\x64\debug\moc_qtnofficestyle.obj
e:\osgearth\build\src\qtplugins\qribbon\x64\debug\moc_qtnofficepopupwindow.obj
e:\osgearth\build\src\qtplugins\qribbon\x64\debug\moc_qtnofficepopupmenu.obj
e:\osgearth\build\src\qtplugins\qribbon\x64\debug\moc_qtnofficepopupcolorbutton.obj
e:\osgearth\build\src\qtplugins\qribbon\x64\debug\moc_qtnofficeframehelper_win.obj
e:\osgearth\build\src\qtplugins\qribbon\x64\debug\moc_qtncommonstyle.obj
e:\osgearth\build\src\qtplugins\qribbon\x64\debug\qtnribbongallery.obj
e:\osgearth\build\src\qtplugins\qribbon\x64\debug\qtnribbonbutton.obj
e:\osgearth\build\src\qtplugins\qribbon\x64\debug\qtnribbonbar.obj
e:\osgearth\build\src\qtplugins\qribbon\x64\debug\qtnribbonbackstageview.obj
e:\osgearth\build\src\qtplugins\qribbon\x64\debug\qtnpopuphelpers.obj
e:\osgearth\build\src\qtplugins\qribbon\x64\debug\qtnofficestyle.obj
e:\osgearth\build\src\qtplugins\qribbon\x64\debug\qtnofficepopupwindow.obj
e:\osgearth\build\src\qtplugins\qribbon\x64\debug\qtnofficepopupmenu.obj
e:\osgearth\build\src\qtplugins\qribbon\x64\debug\qtnofficepopupcolorbutton.obj
e:\osgearth\build\src\qtplugins\qribbon\x64\debug\qtncommonstyle_win.obj
e:\osgearth\build\src\qtplugins\qribbon\x64\debug\qtncommonstyle.obj
e:\osgearth\build\src\qtplugins\qribbon\x64\debug\qrc_qtnribbonresources.obj
e:\osgearth\build\src\qtplugins\qribbon\x64\debug\moc_qtnribbontooltip.obj
e:\osgearth\build\src\qtplugins\qribbon\x64\debug\moc_qtnribbontabbar.obj
e:\osgearth\build\src\qtplugins\qribbon\x64\debug\moc_qtnribbonsystempopupbar.obj
e:\osgearth\build\src\qtplugins\qribbon\x64\debug\moc_qtnribbonstyle.obj
e:\osgearth\build\src\qtplugins\qribbon\x64\debug\moc_qtnribbonstatusbar.obj
e:\osgearth\build\src\qtplugins\qribbon\x64\debug\moc_qtnribbonsliderpane.obj
e:\osgearth\build\src\qtplugins\qribbon\x64\debug\moc_qtnribbonquickaccessbar.obj
e:\osgearth\build\src\qtplugins\qribbon\x64\debug\qtnstylehelpers.obj
e:\osgearth\build\src\qtplugins\qribbon\x64\debug\qtnribbontooltip.obj
e:\osgearth\build\src\qtplugins\qribbon\x64\debug\qtnribbontabbar.obj
e:\osgearth\build\src\qtplugins\qribbon\x64\debug\qtnribbonsystempopupbar.obj
e:\osgearth\build\src\qtplugins\qribbon\x64\debug\qtnribbonstyle.obj
e:\osgearth\build\src\qtplugins\qribbon\x64\debug\qtnribbonstatusbar.obj
e:\osgearth\build\src\qtplugins\qribbon\x64\debug\qtnribbonsliderpane.obj
e:\osgearth\build\src\qtplugins\qribbon\x64\debug\qtnribbonquickaccessbar.obj
e:\osgearth\build\src\qtplugins\qribbon\x64\debug\qtnribbonprivate.obj
e:\osgearth\build\src\qtplugins\qribbon\x64\debug\qtnribbonpage.obj
e:\osgearth\build\src\qtplugins\qribbon\x64\debug\qtnribbonmainwindow.obj
e:\osgearth\build\src\qtplugins\qribbon\x64\debug\qtnribbongrouplayout.obj
e:\osgearth\build\src\qtplugins\qribbon\x64\debug\qtnribbongroup.obj
e:\osgearth\build\src\qtplugins\qribbon\x64\debug\qtnofficeframehelper_win.obj
f:\osgearth\svn\src\qtplugins\qribbon\debug\moc_qtncommonstyle.cpp
f:\osgearth\svn\src\qtplugins\qribbon\debug\moc_qtnofficeframehelper_win.cpp
f:\osgearth\svn\src\qtplugins\qribbon\debug\moc_qtnofficepopupcolorbutton.cpp
f:\osgearth\svn\src\qtplugins\qribbon\debug\moc_qtnofficepopupmenu.cpp
f:\osgearth\svn\src\qtplugins\qribbon\debug\moc_qtnofficepopupwindow.cpp
f:\osgearth\svn\src\qtplugins\qribbon\debug\moc_qtnofficestyle.cpp
f:\osgearth\svn\src\qtplugins\qribbon\debug\moc_qtnpopuphelpers.cpp
f:\osgearth\svn\src\qtplugins\qribbon\debug\moc_qtnribbonbackstageview.cpp
f:\osgearth\svn\src\qtplugins\qribbon\debug\moc_qtnribbonbackstageviewprivate.cpp
f:\osgearth\svn\src\qtplugins\qribbon\debug\moc_qtnribbonbar.cpp
f:\osgearth\svn\src\qtplugins\qribbon\debug\moc_qtnribbonbarprivate.cpp
f:\osgearth\svn\src\qtplugins\qribbon\debug\moc_qtnribbonbutton.cpp
f:\osgearth\svn\src\qtplugins\qribbon\debug\moc_qtnribbongallery.cpp
f:\osgearth\svn\src\qtplugins\qribbon\debug\moc_qtnribbongalleryprivate.cpp
f:\osgearth\svn\src\qtplugins\qribbon\debug\moc_qtnribbongroup.cpp
f:\osgearth\svn\src\qtplugins\qribbon\debug\moc_qtnribbongrouplayout.cpp
f:\osgearth\svn\src\qtplugins\qribbon\debug\moc_qtnribbongroupprivate.cpp
f:\osgearth\svn\src\qtplugins\qribbon\debug\moc_qtnribbonmainwindow.cpp
f:\osgearth\svn\src\qtplugins\qribbon\debug\moc_qtnribbonpage.cpp
f:\osgearth\svn\src\qtplugins\qribbon\debug\moc_qtnribbonprivate.cpp
f:\osgearth\svn\src\qtplugins\qribbon\debug\moc_qtnribbonquickaccessbar.cpp
f:\osgearth\svn\src\qtplugins\qribbon\debug\moc_qtnribbonsliderpane.cpp
f:\osgearth\svn\src\qtplugins\qribbon\debug\moc_qtnribbonstatusbar.cpp
f:\osgearth\svn\src\qtplugins\qribbon\debug\moc_qtnribbonstyle.cpp
f:\osgearth\svn\src\qtplugins\qribbon\debug\moc_qtnribbonsystempopupbar.cpp
f:\osgearth\svn\src\qtplugins\qribbon\debug\moc_qtnribbontabbar.cpp
f:\osgearth\svn\src\qtplugins\qribbon\debug\moc_qtnribbontooltip.cpp
f:\osgearth\svn\src\shared\qtproject_pch.h.cpp
f:\osgearth\svn\src\qtplugins\qribbon\generatedfiles\qrc_qtnribbonresources.cpp
e:\osgearth\build\src\qtplugins\qribbon\debug\moc_qtncommonstyle.cpp
e:\osgearth\build\src\qtplugins\qribbon\debug\moc_qtnofficeframehelper_win.cpp
e:\osgearth\build\src\qtplugins\qribbon\debug\moc_qtnofficepopupcolorbutton.cpp
e:\osgearth\build\src\qtplugins\qribbon\debug\moc_qtnofficepopupmenu.cpp
e:\osgearth\build\src\qtplugins\qribbon\debug\moc_qtnofficepopupwindow.cpp
e:\osgearth\build\src\qtplugins\qribbon\debug\moc_qtnofficestyle.cpp
e:\osgearth\build\src\qtplugins\qribbon\debug\moc_qtnpopuphelpers.cpp
e:\osgearth\build\src\qtplugins\qribbon\debug\moc_qtnribbonbackstageview.cpp
e:\osgearth\build\src\qtplugins\qribbon\debug\moc_qtnribbonbackstageviewprivate.cpp
e:\osgearth\build\src\qtplugins\qribbon\debug\moc_qtnribbonbar.cpp
e:\osgearth\build\src\qtplugins\qribbon\debug\moc_qtnribbonbarprivate.cpp
e:\osgearth\build\src\qtplugins\qribbon\debug\moc_qtnribbonbutton.cpp
e:\osgearth\build\src\qtplugins\qribbon\debug\moc_qtnribbongallery.cpp
e:\osgearth\build\src\qtplugins\qribbon\debug\moc_qtnribbongalleryprivate.cpp
e:\osgearth\build\src\qtplugins\qribbon\debug\moc_qtnribbongroup.cpp
e:\osgearth\build\src\qtplugins\qribbon\debug\moc_qtnribbongrouplayout.cpp
e:\osgearth\build\src\qtplugins\qribbon\debug\moc_qtnribbongroupprivate.cpp
e:\osgearth\build\src\qtplugins\qribbon\debug\moc_qtnribbonmainwindow.cpp
e:\osgearth\build\src\qtplugins\qribbon\debug\moc_qtnribbonpage.cpp
e:\osgearth\build\src\qtplugins\qribbon\debug\moc_qtnribbonprivate.cpp
e:\osgearth\build\src\qtplugins\qribbon\debug\moc_qtnribbonquickaccessbar.cpp
e:\osgearth\build\src\qtplugins\qribbon\debug\moc_qtnribbonsliderpane.cpp
e:\osgearth\build\src\qtplugins\qribbon\debug\moc_qtnribbonstatusbar.cpp
e:\osgearth\build\src\qtplugins\qribbon\debug\moc_qtnribbonstyle.cpp
e:\osgearth\build\src\qtplugins\qribbon\debug\moc_qtnribbonsystempopupbar.cpp
e:\osgearth\build\src\qtplugins\qribbon\debug\moc_qtnribbontabbar.cpp
e:\osgearth\build\src\qtplugins\qribbon\debug\moc_qtnribbontooltip.cpp
e:\osgearth\build\src\shared\qtproject_pch.h.cpp
e:\osgearth\build\src\qtplugins\qribbon\generatedfiles\qrc_qtnribbonresources.cpp
e:\osgearth\build\src\qtplugins\qribbon\debug\moc_predefs.h
e:\osgearth\build\bin\x64\debug\qribbond3.dll
e:\osgearth\build\bin\x64\debug\qribbond3.pdb
e:\osgearth\build\bin\x64\debug\qribbond3d.dll
e:\osgearth\build\bin\x64\debug\qribbond3d.pdb
e:\osgearth\build\bin\x64\debug\qribbond3.lib
e:\osgearth\build\bin\x64\debug\qribbond3.exp
e:\osgearth\build\src\qtplugins\qribbon\x64\debug\vcpkg.applocal.log
e:\osgearth\build\bin\x64\debug\qt5widgetsd.dll
e:\osgearth\build\bin\x64\debug\qt5guid.dll
e:\osgearth\build\bin\x64\debug\plugins\platforms\qwindowsd.dll
e:\osgearth\build\bin\x64\debug\plugins\imageformats\qgifd.dll
e:\osgearth\build\bin\x64\debug\qt5cored.dll
e:\osgearth\build\bin\x64\debug\zlibd1.dll
e:\osgearth\build\bin\x64\debug\icuind65.dll
e:\osgearth\build\bin\x64\debug\icuucd65.dll
e:\osgearth\build\bin\x64\debug\icudtd65.dll
e:\osgearth\build\bin\x64\debug\pcre2-16d.dll
e:\osgearth\build\bin\x64\debug\plugins\imageformats\qicnsd.dll
e:\osgearth\build\bin\x64\debug\plugins\imageformats\qicod.dll
e:\osgearth\build\bin\x64\debug\plugins\imageformats\qjp2d.dll
e:\osgearth\build\bin\x64\debug\jasperd.dll
e:\osgearth\build\bin\x64\debug\jpeg62.dll
e:\osgearth\build\bin\x64\debug\plugins\imageformats\qjpegd.dll
e:\osgearth\build\bin\x64\debug\plugins\imageformats\qsvgd.dll
e:\osgearth\build\bin\x64\debug\qt5svgd.dll
e:\osgearth\build\bin\x64\debug\plugins\imageformats\qtgad.dll
e:\osgearth\build\bin\x64\debug\plugins\imageformats\qtiffd.dll
e:\osgearth\build\bin\x64\debug\tiffd.dll
e:\osgearth\build\bin\x64\debug\lzmad.dll
e:\osgearth\build\bin\x64\debug\plugins\imageformats\qwbmpd.dll
e:\osgearth\build\bin\x64\debug\plugins\imageformats\qwebpd.dll
e:\osgearth\build\bin\x64\debug\webpd.dll
e:\osgearth\build\bin\x64\debug\webpdemuxd.dll
e:\osgearth\build\bin\x64\debug\plugins\iconengines\qsvgicond.dll
e:\osgearth\build\bin\x64\debug\plugins\platforminputcontexts\qtvirtualkeyboardplugind.dll
e:\osgearth\build\bin\x64\debug\qt5virtualkeyboardd.dll
e:\osgearth\build\bin\x64\debug\qt5quickd.dll
e:\osgearth\build\bin\x64\debug\qt5quickcontrols2d.dll
e:\osgearth\build\bin\x64\debug\qt5quickshapesd.dll
e:\osgearth\build\bin\x64\debug\qt5quicktemplates2d.dll
e:\osgearth\build\bin\x64\debug\plugins\scenegraph\qsgd3d12backendd.dll
e:\osgearth\build\bin\x64\debug\qt5qmld.dll
e:\osgearth\build\bin\x64\debug\qt5networkd.dll
e:\osgearth\build\bin\x64\debug\plugins\bearer\qgenericbearerd.dll
e:\osgearth\build\bin\x64\debug\plugins\qmltooling\qmldbg_debuggerd.dll
e:\osgearth\build\bin\x64\debug\plugins\qmltooling\qmldbg_inspectord.dll
e:\osgearth\build\bin\x64\debug\plugins\qmltooling\qmldbg_locald.dll
e:\osgearth\build\bin\x64\debug\plugins\qmltooling\qmldbg_messagesd.dll
e:\osgearth\build\bin\x64\debug\plugins\qmltooling\qmldbg_natived.dll
e:\osgearth\build\bin\x64\debug\plugins\qmltooling\qmldbg_nativedebuggerd.dll
e:\osgearth\build\bin\x64\debug\plugins\qmltooling\qmldbg_previewd.dll
e:\osgearth\build\bin\x64\debug\plugins\qmltooling\qmldbg_profilerd.dll
e:\osgearth\build\bin\x64\debug\plugins\qmltooling\qmldbg_quickprofilerd.dll
e:\osgearth\build\bin\x64\debug\plugins\qmltooling\qmldbg_serverd.dll
e:\osgearth\build\bin\x64\debug\plugins\qmltooling\qmldbg_tcpd.dll
e:\osgearth\build\bin\x64\debug\plugins\styles\qwindowsvistastyled.dll
e:\osgearth\build\bin\x64\debug\libpng16d.dll
e:\osgearth\build\bin\x64\debug\harfbuzz.dll
e:\osgearth\build\bin\x64\debug\freetyped.dll
e:\osgearth\build\bin\x64\debug\bz2d.dll
e:\osgearth\build\bin\x64\debug\qribbond3d.lib
e:\osgearth\build\bin\x64\debug\qribbond3d.exp
e:\osgearth\build\src\qtplugins\qribbon\x64\debug\vc120.pdb
e:\osgearth\build\src\qtplugins\qribbon\x64\debug\qribbon.tlog\cl.command.1.tlog
e:\osgearth\build\src\qtplugins\qribbon\x64\debug\qribbon.tlog\cl.read.1.tlog
e:\osgearth\build\src\qtplugins\qribbon\x64\debug\qribbon.tlog\cl.write.1.tlog
e:\osgearth\build\src\qtplugins\qribbon\x64\debug\qribbon.tlog\custombuild.command.1.tlog
e:\osgearth\build\src\qtplugins\qribbon\x64\debug\qribbon.tlog\custombuild.read.1.tlog
e:\osgearth\build\src\qtplugins\qribbon\x64\debug\qribbon.tlog\custombuild.write.1.tlog
e:\osgearth\build\src\qtplugins\qribbon\x64\debug\qribbon.tlog\link.command.1.tlog
e:\osgearth\build\src\qtplugins\qribbon\x64\debug\qribbon.tlog\link.read.1.tlog
e:\osgearth\build\src\qtplugins\qribbon\x64\debug\qribbon.tlog\link.write.1.tlog
e:\osgearth\build\src\qtplugins\qribbon\x64\debug\qribbon.tlog\qribbon.write.1u.tlog
