
E:\osgearth\build\bin\x64\Debug\Qt5Widgetsd.dll
E:\osgearth\build\bin\x64\Debug\Qt5Guid.dll
E:\osgearth\build\bin\x64\Debug\plugins\platforms\qwindowsd.dll
E:\osgearth\build\bin\x64\Debug\plugins\imageformats\qgifd.dll
E:\osgearth\build\bin\x64\Debug\Qt5Cored.dll
E:\osgearth\build\bin\x64\Debug\zlibd1.dll
E:\osgearth\build\bin\x64\Debug\icuind65.dll
E:\osgearth\build\bin\x64\Debug\icuucd65.dll
E:\osgearth\build\bin\x64\Debug\icudtd65.dll
E:\osgearth\build\bin\x64\Debug\pcre2-16d.dll
E:\osgearth\build\bin\x64\Debug\plugins\imageformats\qicnsd.dll
E:\osgearth\build\bin\x64\Debug\plugins\imageformats\qicod.dll
E:\osgearth\build\bin\x64\Debug\plugins\imageformats\qjp2d.dll
E:\osgearth\build\bin\x64\Debug\jasperd.dll
E:\osgearth\build\bin\x64\Debug\jpeg62.dll
E:\osgearth\build\bin\x64\Debug\plugins\imageformats\qjpegd.dll
E:\osgearth\build\bin\x64\Debug\plugins\imageformats\qsvgd.dll
E:\osgearth\build\bin\x64\Debug\Qt5Svgd.dll
E:\osgearth\build\bin\x64\Debug\plugins\imageformats\qtgad.dll
E:\osgearth\build\bin\x64\Debug\plugins\imageformats\qtiffd.dll
E:\osgearth\build\bin\x64\Debug\tiffd.dll
E:\osgearth\build\bin\x64\Debug\lzmad.dll
E:\osgearth\build\bin\x64\Debug\plugins\imageformats\qwbmpd.dll
E:\osgearth\build\bin\x64\Debug\plugins\imageformats\qwebpd.dll
E:\osgearth\build\bin\x64\Debug\webpd.dll
E:\osgearth\build\bin\x64\Debug\webpdemuxd.dll
E:\osgearth\build\bin\x64\Debug\plugins\iconengines\qsvgicond.dll
E:\osgearth\build\bin\x64\Debug\plugins\platforminputcontexts\qtvirtualkeyboardplugind.dll
E:\osgearth\build\bin\x64\Debug\Qt5VirtualKeyboardd.dll
E:\osgearth\build\bin\x64\Debug\Qt5Quickd.dll
E:\osgearth\build\bin\x64\Debug\Qt5QuickControls2d.dll
E:\osgearth\build\bin\x64\Debug\Qt5QuickShapesd.dll
E:\osgearth\build\bin\x64\Debug\Qt5QuickTemplates2d.dll
E:\osgearth\build\bin\x64\Debug\plugins\scenegraph\qsgd3d12backendd.dll
E:\osgearth\build\bin\x64\Debug\Qt5Qmld.dll
E:\osgearth\build\bin\x64\Debug\Qt5Networkd.dll
E:\osgearth\build\bin\x64\Debug\plugins\bearer\qgenericbearerd.dll
E:\osgearth\build\bin\x64\Debug\plugins\qmltooling\qmldbg_debuggerd.dll
E:\osgearth\build\bin\x64\Debug\plugins\qmltooling\qmldbg_inspectord.dll
E:\osgearth\build\bin\x64\Debug\plugins\qmltooling\qmldbg_locald.dll
E:\osgearth\build\bin\x64\Debug\plugins\qmltooling\qmldbg_messagesd.dll
E:\osgearth\build\bin\x64\Debug\plugins\qmltooling\qmldbg_natived.dll
E:\osgearth\build\bin\x64\Debug\plugins\qmltooling\qmldbg_nativedebuggerd.dll
E:\osgearth\build\bin\x64\Debug\plugins\qmltooling\qmldbg_previewd.dll
E:\osgearth\build\bin\x64\Debug\plugins\qmltooling\qmldbg_profilerd.dll
E:\osgearth\build\bin\x64\Debug\plugins\qmltooling\qmldbg_quickprofilerd.dll
E:\osgearth\build\bin\x64\Debug\plugins\qmltooling\qmldbg_serverd.dll
E:\osgearth\build\bin\x64\Debug\plugins\qmltooling\qmldbg_tcpd.dll
E:\osgearth\build\bin\x64\Debug\plugins\styles\qwindowsvistastyled.dll
E:\osgearth\build\bin\x64\Debug\libpng16d.dll
E:\osgearth\build\bin\x64\Debug\harfbuzz.dll
E:\osgearth\build\bin\x64\Debug\freetyped.dll
E:\osgearth\build\bin\x64\Debug\bz2d.dll
